<?xml version="1.0" encoding="UTF-8"?>
<!-- Generated by org.testng.reporters.JUnitReportReporter -->
<testsuite skipped="0" hostname="ATMECSINLT-085" name="com.atmecs.validate_ninja_store.testscripts.TestVerifyNinjaStore" tests="1" failures="0" timestamp="12 Nov 2019 15:05:40 GMT" time="61.727" errors="0">
  <testcase name="verifyNinjaStore" time="61.727" classname="com.atmecs.validate_ninja_store.testscripts.TestVerifyNinjaStore"/>
</testsuite> <!-- com.atmecs.validate_ninja_store.testscripts.TestVerifyNinjaStore -->
