<?xml version="1.0" encoding="UTF-8"?>
<!-- Generated by org.testng.reporters.JUnitReportReporter -->
<testsuite skipped="0" hostname="ATMECSINLT-085" name="com.atmecs.validate_ninja_store.testscripts.TestVerifyHeatClinic" tests="1" failures="0" timestamp="13 Nov 2019 04:38:36 GMT" time="40.521" errors="0">
  <testcase name="verifyHeatClinic" time="40.521" classname="com.atmecs.validate_ninja_store.testscripts.TestVerifyHeatClinic"/>
</testsuite> <!-- com.atmecs.validate_ninja_store.testscripts.TestVerifyHeatClinic -->
