<?xml version="1.0" encoding="UTF-8"?>
<!-- Generated by org.testng.reporters.JUnitReportReporter -->
<testsuite skipped="0" hostname="ATMECSINLT-085" name="com.atmecs.validate_ninja_store.testscripts.TestVerifyNinjaStore" tests="1" failures="0" timestamp="13 Nov 2019 04:38:36 GMT" time="70.369" errors="0">
  <testcase name="verifyNinjaStore" time="70.369" classname="com.atmecs.validate_ninja_store.testscripts.TestVerifyNinjaStore"/>
</testsuite> <!-- com.atmecs.validate_ninja_store.testscripts.TestVerifyNinjaStore -->
